<?xml version="1.0" encoding="UTF-8" ?>
<testsuite tests="24" failures="6" name="vhmeirelles.gwtGeoclusterTest.GeoClusterTest" time="0.025" errors="0" skipped="0">
  <properties>
    <property name="java.runtime.name" value="Java(TM) SE Runtime Environment"/>
    <property name="sun.boot.library.path" value="C:\Program Files\Java\jdk1.8.0_65\jre\bin"/>
    <property name="java.vm.version" value="25.65-b01"/>
    <property name="java.vm.vendor" value="Oracle Corporation"/>
    <property name="maven.multiModuleProjectDirectory" value="C:\Users\eric\Workspace\IPEA\gwt-geocluster"/>
    <property name="java.vendor.url" value="http://java.oracle.com/"/>
    <property name="path.separator" value=";"/>
    <property name="guice.disable.misplaced.annotation.check" value="true"/>
    <property name="java.vm.name" value="Java HotSpot(TM) 64-Bit Server VM"/>
    <property name="file.encoding.pkg" value="sun.io"/>
    <property name="user.script" value=""/>
    <property name="user.country" value="BR"/>
    <property name="sun.java.launcher" value="SUN_STANDARD"/>
    <property name="sun.os.patch.level" value=""/>
    <property name="java.vm.specification.name" value="Java Virtual Machine Specification"/>
    <property name="user.dir" value="C:\Users\eric\Workspace\IPEA\gwt-geocluster"/>
    <property name="java.runtime.version" value="1.8.0_65-b17"/>
    <property name="java.awt.graphicsenv" value="sun.awt.Win32GraphicsEnvironment"/>
    <property name="java.endorsed.dirs" value="C:\Program Files\Java\jdk1.8.0_65\jre\lib\endorsed"/>
    <property name="os.arch" value="amd64"/>
    <property name="java.io.tmpdir" value="C:\Users\eric\AppData\Local\Temp\"/>
    <property name="line.separator" value="
"/>
    <property name="java.vm.specification.vendor" value="Oracle Corporation"/>
    <property name="user.variant" value=""/>
    <property name="os.name" value="Windows 10"/>
    <property name="classworlds.conf" value="C:\Users\eric\Workspace\IPEA\.metadata\.plugins\org.eclipse.m2e.launching\launches\m2conf3043236698576825909.tmp"/>
    <property name="sun.jnu.encoding" value="Cp1252"/>
    <property name="java.library.path" value="C:\Program Files\Java\jdk1.8.0_65\bin;C:\WINDOWS\Sun\Java\bin;C:\WINDOWS\system32;C:\WINDOWS;C:/Program Files/Java/jdk1.8.0_65/jre/bin/server;C:/Program Files/Java/jdk1.8.0_65/jre/bin;C:/Program Files/Java/jdk1.8.0_65/jre/lib/amd64;C:\ProgramData\Oracle\Java\javapath;C:\Program Files (x86)\Intel\iCLS Client\;C:\Program Files\Intel\iCLS Client\;C:\Windows\system32;C:\Windows;C:\Windows\System32\Wbem;C:\Windows\System32\WindowsPowerShell\v1.0\;C:\Program Files (x86)\Intel\Intel(R) Management Engine Components\DAL;C:\Program Files\Intel\Intel(R) Management Engine Components\DAL;C:\Program Files (x86)\Intel\Intel(R) Management Engine Components\IPT;C:\Program Files\Intel\Intel(R) Management Engine Components\IPT;C:\Program Files (x86)\NVIDIA Corporation\PhysX\Common;C:\Program Files\Git\cmd;C:\Program Files (x86)\PuTTy;C:\Program Files\Java\jdk1.8.0_65\bin;C:\Users\eric\maven\apache-maven-3.3.9\bin;C:\Program Files\PostgreSQL\9.5\bin;C:\WINDOWS\system32;C:\WINDOWS;C:\WINDOWS\System32\Wbem;C:\WINDOWS\System32\WindowsPowerShell\v1.0\;C:\Program Files (x86)\OpenSSH\bin;C:\Program Files (x86)\OpenVPN\bin;C:\Users\eric\eclipse\java-mars\eclipse;;."/>
    <property name="java.specification.name" value="Java Platform API Specification"/>
    <property name="java.class.version" value="52.0"/>
    <property name="sun.management.compiler" value="HotSpot 64-Bit Tiered Compilers"/>
    <property name="os.version" value="10.0"/>
    <property name="user.home" value="C:\Users\eric"/>
    <property name="user.timezone" value="America/Sao_Paulo"/>
    <property name="java.awt.printerjob" value="sun.awt.windows.WPrinterJob"/>
    <property name="java.specification.version" value="1.8"/>
    <property name="file.encoding" value="Cp1252"/>
    <property name="user.name" value="eric"/>
    <property name="java.class.path" value="C:\Users\eric\maven\apache-maven-3.3.9\boot\plexus-classworlds-2.5.2.jar"/>
    <property name="java.vm.specification.version" value="1.8"/>
    <property name="sun.arch.data.model" value="64"/>
    <property name="java.home" value="C:\Program Files\Java\jdk1.8.0_65\jre"/>
    <property name="sun.java.command" value="org.codehaus.plexus.classworlds.launcher.Launcher -B package"/>
    <property name="java.specification.vendor" value="Oracle Corporation"/>
    <property name="user.language" value="pt"/>
    <property name="awt.toolkit" value="sun.awt.windows.WToolkit"/>
    <property name="java.vm.info" value="mixed mode"/>
    <property name="java.version" value="1.8.0_65"/>
    <property name="java.ext.dirs" value="C:\Program Files\Java\jdk1.8.0_65\jre\lib\ext;C:\WINDOWS\Sun\Java\lib\ext"/>
    <property name="sun.boot.class.path" value="C:\Program Files\Java\jdk1.8.0_65\jre\lib\resources.jar;C:\Program Files\Java\jdk1.8.0_65\jre\lib\rt.jar;C:\Program Files\Java\jdk1.8.0_65\jre\lib\sunrsasign.jar;C:\Program Files\Java\jdk1.8.0_65\jre\lib\jsse.jar;C:\Program Files\Java\jdk1.8.0_65\jre\lib\jce.jar;C:\Program Files\Java\jdk1.8.0_65\jre\lib\charsets.jar;C:\Program Files\Java\jdk1.8.0_65\jre\lib\jfr.jar;C:\Program Files\Java\jdk1.8.0_65\jre\classes"/>
    <property name="java.vendor" value="Oracle Corporation"/>
    <property name="maven.home" value="C:\Users\eric\maven\apache-maven-3.3.9"/>
    <property name="file.separator" value="\"/>
    <property name="java.vendor.url.bug" value="http://bugreport.sun.com/bugreport/"/>
    <property name="sun.cpu.endian" value="little"/>
    <property name="sun.io.unicode.encoding" value="UnicodeLittle"/>
    <property name="sun.desktop" value="windows"/>
    <property name="sun.cpu.isalist" value="amd64"/>
  </properties>
  <testcase classname="vhmeirelles.gwtGeoclusterTest.GeoClusterTest1" name="testCluster" time="0.009">
    <failure message="expected:&lt;4&gt; but was:&lt;8&gt;" type="junit.framework.AssertionFailedError">junit.framework.AssertionFailedError: expected:&lt;4&gt; but was:&lt;8&gt;
	at junit.framework.Assert.fail(Assert.java:47)
	at junit.framework.Assert.failNotEquals(Assert.java:282)
	at junit.framework.Assert.assertEquals(Assert.java:64)
	at junit.framework.Assert.assertEquals(Assert.java:201)
	at junit.framework.Assert.assertEquals(Assert.java:207)
	at vhmeirelles.gwtGeoclusterTest.GeoClusterTest1.testCluster(GeoClusterTest1.java:112)
</failure>
    <system-out>Cluster [coords=[Coordinate [x=-6.967134, y=-63.939732], Coordinate [x=-10.798076, y=-65.031514]]]
Cluster [coords=[Coordinate [x=-23.805724, y=-45.403447], Coordinate [x=-22.956017, y=-43.604587], Coordinate [x=-22.951528, y=-43.184752], Coordinate [x=-23.452058, y=-46.541755], Coordinate [x=-22.902146, y=-43.222123]]]
SimpleCluster [quantity=2, Bbox=BoundingBox [minX=-10.798076, minY=-65.031514, maxX=-6.967134, maxY=-63.939732]]
Cluster [coords=[Coordinate [x=-9.173753, y=-60.640114], Coordinate [x=-6.967134, y=-63.939732]]]
SimpleCluster [quantity=5, Bbox=BoundingBox [minX=-23.805724, minY=-46.541755, maxX=-22.902146, maxY=-43.184752]]
Cluster [coords=[Coordinate [x=-19.01037, y=-57.604503], Coordinate [x=-20.433163, y=-54.655055]]]
SimpleCluster [quantity=2, Bbox=BoundingBox [minX=-20.433163, minY=-57.604503, maxX=-19.01037, maxY=-54.655055]]
SimpleCluster [quantity=2, Bbox=BoundingBox [minX=-9.173753, minY=-63.939732, maxX=-6.967134, maxY=-60.640114]]
</system-out>
  </testcase>
  <testcase classname="vhmeirelles.gwtGeoclusterTest.GeoClusterTest1" name="testGetBoundsZoomLevel" time="0"/>
  <testcase classname="vhmeirelles.gwtGeoclusterTest.GeoClusterTest1" name="testHaversineDistance" time="0"/>
  <testcase classname="vhmeirelles.gwtGeoclusterTest.GeoClusterTest2" name="testCluster" time="0">
    <failure message="expected:&lt;9&gt; but was:&lt;11&gt;" type="junit.framework.AssertionFailedError">junit.framework.AssertionFailedError: expected:&lt;9&gt; but was:&lt;11&gt;
	at junit.framework.Assert.fail(Assert.java:47)
	at junit.framework.Assert.failNotEquals(Assert.java:282)
	at junit.framework.Assert.assertEquals(Assert.java:64)
	at junit.framework.Assert.assertEquals(Assert.java:201)
	at junit.framework.Assert.assertEquals(Assert.java:207)
	at vhmeirelles.gwtGeoclusterTest.GeoClusterTest2.testCluster(GeoClusterTest2.java:112)
</failure>
    <system-out>Coordinate [x=-19.01037, y=-57.604503]
Coordinate [x=-23.805724, y=-45.403447]
Coordinate [x=-20.433163, y=-54.655055]
Cluster [coords=[Coordinate [x=-22.956017, y=-43.604587], Coordinate [x=-22.902146, y=-43.222123]]]
Coordinate [x=-9.173753, y=-60.640114]
Cluster [coords=[Coordinate [x=-22.951528, y=-43.184752], Coordinate [x=-22.902146, y=-43.222123]]]
SimpleCluster [quantity=2, Bbox=BoundingBox [minX=-22.951528, minY=-43.222123, maxX=-22.902146, maxY=-43.184752]]
Coordinate [x=-6.967134, y=-63.939732]
Coordinate [x=-23.452058, y=-46.541755]
Coordinate [x=-10.798076, y=-65.031514]
SimpleCluster [quantity=2, Bbox=BoundingBox [minX=-22.956017, minY=-43.604587, maxX=-22.902146, maxY=-43.222123]]
</system-out>
  </testcase>
  <testcase classname="vhmeirelles.gwtGeoclusterTest.GeoClusterTest2" name="testGetBoundsZoomLevel" time="0"/>
  <testcase classname="vhmeirelles.gwtGeoclusterTest.GeoClusterTest2" name="testHaversineDistance" time="0"/>
  <testcase classname="vhmeirelles.gwtGeoclusterTest.GeoClusterTest3" name="testCluster" time="0">
    <failure message="expected:&lt;3&gt; but was:&lt;6&gt;" type="junit.framework.AssertionFailedError">junit.framework.AssertionFailedError: expected:&lt;3&gt; but was:&lt;6&gt;
	at junit.framework.Assert.fail(Assert.java:47)
	at junit.framework.Assert.failNotEquals(Assert.java:282)
	at junit.framework.Assert.assertEquals(Assert.java:64)
	at junit.framework.Assert.assertEquals(Assert.java:201)
	at junit.framework.Assert.assertEquals(Assert.java:207)
	at vhmeirelles.gwtGeoclusterTest.GeoClusterTest3.testCluster(GeoClusterTest3.java:112)
</failure>
    <system-out>Cluster [coords=[Coordinate [x=-9.173753, y=-60.640114], Coordinate [x=-6.967134, y=-63.939732], Coordinate [x=-10.798076, y=-65.031514]]]
Cluster [coords=[Coordinate [x=-19.01037, y=-57.604503], Coordinate [x=-20.433163, y=-54.655055], Coordinate [x=-9.173753, y=-60.640114]]]
SimpleCluster [quantity=6, Bbox=BoundingBox [minX=-23.805724, minY=-54.655055, maxX=-20.433163, maxY=-43.184752]]
Cluster [coords=[Coordinate [x=-23.805724, y=-45.403447], Coordinate [x=-20.433163, y=-54.655055], Coordinate [x=-22.956017, y=-43.604587], Coordinate [x=-22.951528, y=-43.184752], Coordinate [x=-23.452058, y=-46.541755], Coordinate [x=-22.902146, y=-43.222123]]]
SimpleCluster [quantity=3, Bbox=BoundingBox [minX=-20.433163, minY=-60.640114, maxX=-9.173753, maxY=-54.655055]]
SimpleCluster [quantity=3, Bbox=BoundingBox [minX=-10.798076, minY=-65.031514, maxX=-6.967134, maxY=-60.640114]]
</system-out>
  </testcase>
  <testcase classname="vhmeirelles.gwtGeoclusterTest.GeoClusterTest3" name="testGetBoundsZoomLevel" time="0"/>
  <testcase classname="vhmeirelles.gwtGeoclusterTest.GeoClusterTest3" name="testHaversineDistance" time="0"/>
  <testcase classname="vhmeirelles.gwtGeoclusterTest.GeoClusterTest4" name="testCluster" time="0">
    <failure message="expected:&lt;8&gt; but was:&lt;9&gt;" type="junit.framework.AssertionFailedError">junit.framework.AssertionFailedError: expected:&lt;8&gt; but was:&lt;9&gt;
	at junit.framework.Assert.fail(Assert.java:47)
	at junit.framework.Assert.failNotEquals(Assert.java:282)
	at junit.framework.Assert.assertEquals(Assert.java:64)
	at junit.framework.Assert.assertEquals(Assert.java:201)
	at junit.framework.Assert.assertEquals(Assert.java:207)
	at vhmeirelles.gwtGeoclusterTest.GeoClusterTest4.testCluster(GeoClusterTest4.java:112)
</failure>
    <system-out>Coordinate [x=-19.01037, y=-57.604503]
Cluster [coords=[Coordinate [x=-22.956017, y=-43.604587], Coordinate [x=-22.951528, y=-43.184752], Coordinate [x=-22.902146, y=-43.222123]]]
Coordinate [x=-23.805724, y=-45.403447]
Coordinate [x=-20.433163, y=-54.655055]
Coordinate [x=-9.173753, y=-60.640114]
Coordinate [x=-6.967134, y=-63.939732]
SimpleCluster [quantity=3, Bbox=BoundingBox [minX=-22.956017, minY=-43.604587, maxX=-22.902146, maxY=-43.184752]]
Coordinate [x=-23.452058, y=-46.541755]
Coordinate [x=-10.798076, y=-65.031514]
</system-out>
  </testcase>
  <testcase classname="vhmeirelles.gwtGeoclusterTest.GeoClusterTest4" name="testGetBoundsZoomLevel" time="0"/>
  <testcase classname="vhmeirelles.gwtGeoclusterTest.GeoClusterTest4" name="testHaversineDistance" time="0"/>
  <testcase classname="vhmeirelles.gwtGeoclusterTest.GeoClusterTest5" name="testCluster" time="0.016">
    <failure message="expected:&lt;7&gt; but was:&lt;9&gt;" type="junit.framework.AssertionFailedError">junit.framework.AssertionFailedError: expected:&lt;7&gt; but was:&lt;9&gt;
	at junit.framework.Assert.fail(Assert.java:47)
	at junit.framework.Assert.failNotEquals(Assert.java:282)
	at junit.framework.Assert.assertEquals(Assert.java:64)
	at junit.framework.Assert.assertEquals(Assert.java:201)
	at junit.framework.Assert.assertEquals(Assert.java:207)
	at vhmeirelles.gwtGeoclusterTest.GeoClusterTest5.testCluster(GeoClusterTest5.java:112)
</failure>
    <system-out>Coordinate [x=-19.01037, y=-57.604503]
Cluster [coords=[Coordinate [x=-22.956017, y=-43.604587], Coordinate [x=-22.951528, y=-43.184752], Coordinate [x=-22.902146, y=-43.222123]]]
Coordinate [x=-20.433163, y=-54.655055]
Coordinate [x=-9.173753, y=-60.640114]
SimpleCluster [quantity=2, Bbox=BoundingBox [minX=-23.805724, minY=-46.541755, maxX=-23.452058, maxY=-45.403447]]
Coordinate [x=-6.967134, y=-63.939732]
SimpleCluster [quantity=3, Bbox=BoundingBox [minX=-22.956017, minY=-43.604587, maxX=-22.902146, maxY=-43.184752]]
Coordinate [x=-10.798076, y=-65.031514]
Cluster [coords=[Coordinate [x=-23.805724, y=-45.403447], Coordinate [x=-23.452058, y=-46.541755]]]
</system-out>
  </testcase>
  <testcase classname="vhmeirelles.gwtGeoclusterTest.GeoClusterTest5" name="testGetBoundsZoomLevel" time="0"/>
  <testcase classname="vhmeirelles.gwtGeoclusterTest.GeoClusterTest5" name="testHaversineDistance" time="0"/>
  <testcase classname="vhmeirelles.gwtGeoclusterTest.GeoClusterTest6" name="testCluster" time="0">
    <failure message="expected:&lt;6&gt; but was:&lt;7&gt;" type="junit.framework.AssertionFailedError">junit.framework.AssertionFailedError: expected:&lt;6&gt; but was:&lt;7&gt;
	at junit.framework.Assert.fail(Assert.java:47)
	at junit.framework.Assert.failNotEquals(Assert.java:282)
	at junit.framework.Assert.assertEquals(Assert.java:64)
	at junit.framework.Assert.assertEquals(Assert.java:201)
	at junit.framework.Assert.assertEquals(Assert.java:207)
	at vhmeirelles.gwtGeoclusterTest.GeoClusterTest6.testCluster(GeoClusterTest6.java:112)
</failure>
    <system-out>Coordinate [x=-19.01037, y=-57.604503]
Coordinate [x=-20.433163, y=-54.655055]
Coordinate [x=-9.173753, y=-60.640114]
Cluster [coords=[Coordinate [x=-23.805724, y=-45.403447], Coordinate [x=-22.956017, y=-43.604587], Coordinate [x=-22.951528, y=-43.184752], Coordinate [x=-23.452058, y=-46.541755], Coordinate [x=-22.902146, y=-43.222123]]]
Coordinate [x=-6.967134, y=-63.939732]
Coordinate [x=-10.798076, y=-65.031514]
SimpleCluster [quantity=5, Bbox=BoundingBox [minX=-23.805724, minY=-46.541755, maxX=-22.902146, maxY=-43.184752]]
</system-out>
  </testcase>
  <testcase classname="vhmeirelles.gwtGeoclusterTest.GeoClusterTest6" name="testGetBoundsZoomLevel" time="0"/>
  <testcase classname="vhmeirelles.gwtGeoclusterTest.GeoClusterTest6" name="testHaversineDistance" time="0"/>
  <testcase classname="vhmeirelles.gwtGeoclusterTest.GeoClusterTest7" name="testCluster" time="0"/>
  <testcase classname="vhmeirelles.gwtGeoclusterTest.GeoClusterTest7" name="testGetBoundsZoomLevel" time="0"/>
  <testcase classname="vhmeirelles.gwtGeoclusterTest.GeoClusterTest7" name="testHaversineDistance" time="0"/>
  <testcase classname="vhmeirelles.gwtGeoclusterTest.GeoClusterTest8" name="testCluster" time="0"/>
  <testcase classname="vhmeirelles.gwtGeoclusterTest.GeoClusterTest8" name="testGetBoundsZoomLevel" time="0"/>
  <testcase classname="vhmeirelles.gwtGeoclusterTest.GeoClusterTest8" name="testHaversineDistance" time="0"/>
</testsuite>